<?xml version="1.0" encoding="UTF-8"?>
<!-- Generated by org.testng.reporters.JUnitReportReporter -->
<testsuite hostname="CMDLHRLT998" failures="0" tests="5" name="testNG_sample.Test1" time="8.223" errors="0" timestamp="2023-08-17T02:48:51 EDT" skipped="0">
  <testcase classname="testNG_sample.Test1" name="Test" time="2.902"/>
  <testcase classname="testNG_sample.Test1" name="Test5" time="1.722"/>
  <testcase classname="testNG_sample.Test1" name="Test3" time="0.888"/>
  <testcase classname="testNG_sample.Test1" name="Test2" time="0.977"/>
  <testcase classname="testNG_sample.Test1" name="Test4" time="1.734"/>
</testsuite> <!-- testNG_sample.Test1 -->
